<?xml version="1.0" encoding="UTF-8"?>
<!-- Generated by org.testng.reporters.JUnitXMLReporter -->
<testsuite hostname="Test-PC" name="test1" tests="1" failures="1" timestamp="6 Jul 2015 02:01:00 GMT" time="18.682" errors="0">
  <testcase name="testcase" time="18.665" classname="tests.test">
    <failure type="java.lang.NullPointerException">
      <![CDATA[java.lang.NullPointerException
	at com.selenium.common.basic.BasePage.sendkey(BasePage.java:31)
	at tests.test.testcase(test.java:30)
... Removed 24 stack frames]]>
    </failure>
  </testcase> <!-- testcase -->
</testsuite> <!-- test1 -->
