<?xml version="1.0" encoding="UTF-8"?>
<testng-results skipped="0" failed="0" total="1" passed="1">
  <reporter-output>
  </reporter-output>
  <suite name="Default suite" duration-ms="13775" started-at="2015-07-11T07:56:17Z" finished-at="2015-07-11T07:56:30Z">
    <groups>
    </groups>
    <test name="Default test" duration-ms="13775" started-at="2015-07-11T07:56:17Z" finished-at="2015-07-11T07:56:30Z">
      <class name="tests.test">
        <test-method status="PASS" signature="testcase()[pri:0, instance:tests.test@12e37fe5]" name="testcase" duration-ms="13750" started-at="2015-07-11T15:56:17Z" finished-at="2015-07-11T15:56:30Z">
          <reporter-output>
          </reporter-output>
        </test-method> <!-- testcase -->
      </class> <!-- tests.test -->
    </test> <!-- Default test -->
  </suite> <!-- Default suite -->
</testng-results>
